≡ƒöô Fetching CSRF token...
≡ƒöô Logging in to obtain session cookie...
Γ£à Obtained session cookie: authjs.session-token

ΓÅ│ Benchmarking Employee Directory (Page 1) (/api/employees?page=1&limit=20) [50 reqs, 5 concurrent]

Progress: 1/50
Progress: 2/50
Progress: 3/50
Progress: 4/50
Progress: 5/50
Progress: 6/50
Progress: 7/50
Progress: 8/50
Progress: 9/50
Progress: 10/50
Progress: 11/50
Progress: 12/50
Progress: 13/50
Progress: 14/50
Progress: 15/50
Progress: 16/50
Progress: 17/50
Progress: 18/50
Progress: 19/50
Progress: 20/50
Progress: 21/50
Progress: 22/50
Progress: 23/50
Progress: 24/50
Progress: 25/50
Progress: 26/50
Progress: 27/50
Progress: 28/50
Progress: 29/50
Progress: 30/50
Progress: 31/50
Progress: 32/50
Progress: 33/50
Progress: 34/50
Progress: 35/50
Progress: 36/50
Progress: 37/50
Progress: 38/50
Progress: 39/50
Progress: 40/50
Progress: 41/50
Progress: 42/50
Progress: 43/50
Progress: 44/50
Progress: 45/50
Progress: 46/50
Progress: 47/50
Progress: 48/50
Progress: 49/50
Progress: 50/50
Γ£à Results for Employee Directory (Page 1):
   Success: 50/50
   Failed:  0/50
   Avg:     308.34 ms
   P95:     493.99 ms
   Min:     257.93 ms
   Max:     571.71 ms

ΓÅ│ Benchmarking Dashboard Aggregations (/api/dashboard) [50 reqs, 5 concurrent]

Progress: 1/50
Progress: 2/50
Progress: 3/50
Progress: 4/50
Progress: 5/50
Progress: 6/50
Progress: 7/50
Progress: 8/50
Progress: 9/50
Progress: 10/50
Progress: 11/50
Progress: 12/50
Progress: 13/50
Progress: 14/50
Progress: 15/50
Progress: 16/50
Progress: 17/50
Progress: 18/50
Progress: 19/50
Progress: 20/50
Progress: 21/50
Progress: 22/50
Progress: 23/50
Progress: 24/50
Progress: 25/50
Progress: 26/50
Progress: 27/50
Progress: 28/50
Progress: 29/50
Progress: 30/50
Progress: 31/50
Progress: 32/50
Progress: 33/50
Progress: 34/50
Progress: 35/50
Progress: 36/50
Progress: 37/50
Progress: 38/50
Progress: 39/50
Progress: 40/50
Progress: 41/50
Progress: 42/50
Progress: 43/50
Progress: 44/50
Progress: 45/50
Progress: 46/50
Progress: 47/50
Progress: 48/50
Progress: 49/50
Progress: 50/50
Γ£à Results for Dashboard Aggregations:
   Success: 50/50
   Failed:  0/50
   Avg:     89.67 ms
   P95:     111.56 ms
   Min:     76.00 ms
   Max:     114.04 ms

ΓÅ│ Benchmarking Reports Query Builder (/api/reports/query) [30 reqs, 5 concurrent]

Progress: 1/30
Progress: 2/30
Progress: 3/30
Progress: 4/30
Progress: 5/30
Progress: 6/30
Progress: 7/30
Progress: 8/30
Progress: 9/30
Progress: 10/30
Progress: 11/30
Progress: 12/30
Progress: 13/30
Progress: 14/30
Progress: 15/30
Progress: 16/30
Progress: 17/30
Progress: 18/30
Progress: 19/30
Progress: 20/30
Progress: 21/30
Progress: 22/30
Progress: 23/30
Progress: 24/30
Progress: 25/30
Progress: 26/30
Progress: 27/30
Progress: 28/30
Progress: 29/30
Progress: 30/30
Γ£à Results for Reports Query Builder:
   Success: 30/30
   Failed:  0/30
   Avg:     144.06 ms
   P95:     183.06 ms
   Min:     118.02 ms
   Max:     230.14 ms

≡ƒÄë Load Testing Complete!
