
> ems-pro@0.1.0 dev
> next dev

Γû▓ Next.js 16.1.6 (Turbopack)
- Local:         http://localhost:3000
- Network:       http://172.16.0.1:3000
- Environments: .env

Γ£ô Starting...
Γ£ô Ready in 934ms
 GET /login 200 in 3.2s (compile: 2.9s, proxy.ts: 59ms, render: 228ms)
[dotenv@17.3.1] injecting env (0) from .env -- tip: ≡ƒöÉ prevent building .env in docker: https://dotenvx.com/prebuild
[Prisma] Initializing PrismaClient with driver-adapter.
[dotenv@17.3.1] injecting env (0) from .env -- tip: ΓÜÖ∩╕Å  load multiple .env files with { path: ['.env.local', '.env'] }
[Prisma] Initializing PrismaClient with driver-adapter.
 GET /api/auth/session 500 in 1531ms (compile: 1508ms, proxy.ts: 6ms, render: 17ms)
 GET /api/auth/session 500 in 328ms (compile: 321ms, proxy.ts: 3ms, render: 5ms)
[dotenv@17.3.1] injecting env (0) from .env -- tip: ΓÜÖ∩╕Å  enable debug logging with { debug: true }
[Prisma] Initializing PrismaClient with driver-adapter.
 GET /api/auth/csrf 500 in 418ms (compile: 410ms, proxy.ts: 3ms, render: 5ms)
 POST /api/auth/callback/credentials 500 in 15ms (compile: 5ms, proxy.ts: 4ms, render: 7ms)
[dotenv@17.3.1] injecting env (0) from .env -- tip: ΓÜÖ∩╕Å  specify custom .env file path with { path: '/custom/path/.env' }
[Prisma] Initializing PrismaClient with driver-adapter.
 GET /api/health 200 in 417ms (compile: 139ms, proxy.ts: 3ms, render: 275ms)
 GET /api/auth/csrf 500 in 412ms (compile: 406ms, proxy.ts: 2ms, render: 4ms)
[dotenv@17.3.1] injecting env (0) from .env -- tip: ≡ƒöÉ prevent committing .env to code: https://dotenvx.com/precommit
[Prisma] Initializing PrismaClient with driver-adapter.
 GET /api/auth/providers 500 in 595ms (compile: 570ms, proxy.ts: 8ms, render: 17ms)
 GET /api/auth/error 500 in 67ms (compile: 21ms, proxy.ts: 26ms, render: 19ms)
[dotenv@17.3.1] injecting env (0) from .env -- tip: ≡ƒñû agentic secret storage: https://dotenvx.com/as2
[Prisma] Initializing PrismaClient with driver-adapter.
 GET /login 200 in 138ms (compile: 26ms, proxy.ts: 11ms, render: 100ms)
 GET /api/auth/session 500 in 406ms (compile: 376ms, proxy.ts: 9ms, render: 21ms)
[dotenv@17.3.1] injecting env (0) from .env -- tip: ΓÜÖ∩╕Å  write to custom object with { processEnv: myObject }
[Prisma] Initializing PrismaClient with driver-adapter.
 GET /api/auth/providers 500 in 1100ms (compile: 1027ms, proxy.ts: 45ms, render: 28ms)
 GET /api/auth/error 500 in 434ms (compile: 326ms, proxy.ts: 61ms, render: 47ms)
 GET / 200 in 629ms (compile: 172ms, proxy.ts: 45ms, render: 412ms)
[dotenv@17.3.1] injecting env (0) from .env -- tip: ΓÜÖ∩╕Å  write to custom object with { processEnv: myObject }
[Prisma] Initializing PrismaClient with driver-adapter.
 GET /login 200 in 101ms (compile: 10ms, proxy.ts: 7ms, render: 84ms)
[dotenv@17.3.1] injecting env (0) from .env -- tip: ≡ƒöÉ encrypt with Dotenvx: https://dotenvx.com
 GET /api/auth/providers 500 in 772ms (compile: 711ms, proxy.ts: 14ms, render: 47ms)
 GET /api/auth/error 500 in 162ms (compile: 118ms, proxy.ts: 11ms, render: 33ms)
 GET / 200 in 239ms (compile: 31ms, proxy.ts: 16ms, render: 191ms)
[dotenv@17.3.1] injecting env (0) from .env -- tip: ≡ƒñû agentic secret storage: https://dotenvx.com/as2
[Prisma] Initializing PrismaClient with driver-adapter.
 GET /login 200 in 124ms (compile: 14ms, proxy.ts: 5ms, render: 105ms)
 GET /api/auth/session 500 in 504ms (compile: 478ms, proxy.ts: 8ms, render: 18ms)
[dotenv@17.3.1] injecting env (0) from .env -- tip: ΓÜÖ∩╕Å  write to custom object with { processEnv: myObject }
[Prisma] Initializing PrismaClient with driver-adapter.
 GET /api/auth/csrf 500 in 429ms (compile: 423ms, proxy.ts: 1775┬╡s, render: 4ms)
[dotenv@17.3.1] injecting env (0) from .env -- tip: ΓÜÖ∩╕Å  suppress all logs with { quiet: true }
[Prisma] Initializing PrismaClient with driver-adapter.
