
> ems-pro@0.1.0 start
> next start

Γû▓ Next.js 16.1.6
- Local:         http://localhost:3000
- Network:       http://172.16.0.1:3000

Γ£ô Starting...
Γ£ô Ready in 762ms
node.exe : [Redis] 
UPSTASH_REDIS_REST_URL 
or UPSTASH_REDIS_REST_T
OKEN is missing. 
Falling back to 
in-memory mock Redis.
At line:1 char:1
+ & "C:\Program 
Files\nodejs/node.exe" 
"C:\Program 
Files\nodejs/node_mo 
...
+ ~~~~~~~~~~~~~~~~~~~~~
~~~~~~~~~~~~~~~~~~~~~~~
~~~~~~~~~~~~~~~~~~~~~~~
~~
    + CategoryInfo     
         : NotSpecifi  
  ed: ([Redis] UPSTA   
 SH...ory mock Redi    
s.:String) [], Rem    
oteException
    + FullyQualifiedEr 
   rorId : NativeComm  
  andError
 
[dotenv@17.3.1] injecting env (0) from .env -- tip: ≡ƒöÉ prevent building .env in docker: https://dotenvx.com/prebuild
[Prisma] Initializing PrismaClient with driver-adapter.
[Redis] 
UPSTASH_REDIS_REST_URL 
or UPSTASH_REDIS_REST_T
OKEN is missing. 
Falling back to 
in-memory mock Redis.
[31m[auth][error][0m 
UntrustedHost: Host 
must be trusted. URL 
was: http://localhost:3
000/api/auth/csrf. 
Read more at https://er
rors.authjs.dev#untrust
edhost
    at C:\Users\Ashish 
Singh\Desktop\Employee 
directory\.next\server\
chunks\_5e7b1268._.js:4
04:51290
    at ik 
(C:\Users\Ashish 
Singh\Desktop\Employee 
directory\.next\server\
chunks\_5e7b1268._.js:4
04:53955)
    at process.processT
icksAndRejections (node
:internal/process/task_
queues:103:5)
    at async rW.do 
(C:\Users\Ashish 
Singh\Desktop\Employee 
directory\node_modules\
next\dist\compiled\next
-server\app-route-turbo
.runtime.prod.js:5:2016
9)
[31m[auth][error][0m 
UntrustedHost: Host 
must be trusted. URL 
was: http://localhost:3
000/api/auth/callback/c
redentials. Read more 
at https://errors.authj
s.dev#untrustedhost
    at C:\Users\Ashish 
Singh\Desktop\Employee 
directory\.next\server\
chunks\_5e7b1268._.js:4
04:51290
    at ik 
(C:\Users\Ashish 
Singh\Desktop\Employee 
directory\.next\server\
chunks\_5e7b1268._.js:4
04:53955)
    at process.processT
icksAndRejections (node
:internal/process/task_
queues:103:5)
    at async rW.do 
(C:\Users\Ashish 
Singh\Desktop\Employee 
directory\node_modules\
next\dist\compiled\next
-server\app-route-turbo
.runtime.prod.js:5:2016
9)
    at async rW.handle 
(C:\Users\Ashish 
Singh\Desktop\Employee 
directory\node_modules\
next\dist\compiled\next
-server\app-route-turbo
.runtime.prod.js:5:2494
9)
    at async u 
(C:\Users\Ashish 
Singh\Desktop\Employee 
directory\.next\server\
chunks\[root-of-the-ser
ver]__39a4a7ce._.js:1:4
756)
    at async 
rW.handleResponse 
(C:\Users\Ashish 
Singh\Desktop\Employee 
directory\node_modules\
next\dist\compiled\next
-server\app-route-turbo
.runtime.prod.js:1:1041
49)
    at async d 
(C:\Users\Ashish 
Singh\Desktop\Employee 
directory\.next\server\
chunks\[root-of-the-ser
ver]__39a4a7ce._.js:1:5
797)
    at async Module.C 
(C:\Users\Ashish 
Singh\Desktop\Employee 
directory\.next\server\
chunks\[root-of-the-ser
ver]__39a4a7ce._.js:1:6
875)
    at async NextNodeSe
rver.renderToResponseWi
thComponentsImpl 
(C:\Users\Ashish 
Singh\Desktop\Employee 
directory\node_modules\
next\dist\server\base-s
erver.js:1442:9)
