[     133ms] [ERROR] Failed to load resource: the server responded with a status of 500 (Internal Server Error) @ http://localhost:3000/:0
[     346ms] Error: ./components/dashboard/AdminDashboard.tsx:173:18
Parsing ecmascript source code failed
  171 |                         <div key="stat-4" data-aos="fade-up" data-aos-delay="320"><DashboardStatCard label="Active Today" value={loginData?.activeTodayCount?.toString() || "0"} sub="logged in today" icon={<span>🔐</span>} /></div>
  172 |                         <div key="stat-5" data-aos="fade-up" data-aos-delay="400"><DashboardStatCard label="Attrition Rate" value={(data?.stats?.attritionRate || 0).toFixed(1) + "%"} sub="overall attrition" badge={data?.stats?.attritionRate > 5 ? "Alert" : undefined} badgeType={data?.stats?.attritionRate > 5 ? "down" : undefined} icon={<span>📉</span>} /></div>
> 173 |                 )}
      |                  ^
  174 |             </div>
  175 |
  176 |             {/* Recent Logins */}

Unexpected token. Did you mean `{'}'}` or `&rbrace;`?

Import traces:
  Client Component Browser:
    ./components/dashboard/AdminDashboard.tsx [Client Component Browser]
    ./app/page.tsx [Client Component Browser]
    ./app/page.tsx [Server Component]

  Client Component SSR:
    ./components/dashboard/AdminDashboard.tsx [Client Component SSR]
    ./app/page.tsx [Client Component SSR]
    ./app/page.tsx [Server Component]


    at <unknown> (Error: ./components/dashboard/AdminDashboard.tsx:173:18)
    at Object.getCompilationErrors (file://C:\Users\Ashish Singh\Desktop\Employee directory\node_modules\next\dist\server\dev\hot-reloader-turbopack.js:1008:59)
    at DevBundlerService.getCompilationError (file://C:\Users\Ashish Singh\Desktop\Employee directory\node_modules\next\dist\server\lib\dev-bundler-service.js:44:55)
    at DevServer.getCompilationError (file://C:\Users\Ashish Singh\Desktop\Employee directory\node_modules\next\dist\server\dev\next-dev-server.js:706:42)
    at DevServer.findPageComponents (file://C:\Users\Ashish Singh\Desktop\Employee directory\node_modules\next\dist\server\dev\next-dev-server.js:676:43)
    at async DevServer.renderErrorToResponseImpl (file://C:\Users\Ashish Singh\Desktop\Employee directory\node_modules\next\dist\server\base-server.js:1733:26)
[     306ms] [ERROR] ./components/dashboard/AdminDashboard.tsx:173:18
Parsing ecmascript source code failed
  171 |                         <div key="stat-4" data-aos="fade-up" data-aos-delay="320"><DashboardStatCard label="Active Today" value={loginData?.activeTodayCount?.toString() || "0"} sub="logged in today" icon={<span>🔐</span>} /></div>
  172 |                         <div key="stat-5" data-aos="fade-up" data-aos-delay="400"><DashboardStatCard label="Attrition Rate" value={(data?.stats?.attritionRate || 0).toFixed(1) + "%"} sub="overall attrition" badge={data?.stats?.attritionRate > 5 ? "Alert" : undefined} badgeType={data?.stats?.attritionRate > 5 ? "down" : undefined} icon={<span>📉</span>} /></div>
> 173 |                 )}
      |                  ^
  174 |             </div>
  175 |
  176 |             {/* Recent Logins */}

Unexpected token. Did you mean `{'}'}` or `&rbrace;`?

Import traces:
  Client Component Browser:
    ./components/dashboard/AdminDashboard.tsx [Client Component Browser]
    ./app/page.tsx [Client Component Browser]
    ./app/page.tsx [Server Component]

  Client Component SSR:
    ./components/dashboard/AdminDashboard.tsx [Client Component SSR]
    ./app/page.tsx [Client Component SSR]
    ./app/page.tsx [Server Component] @ http://localhost:3000/_next/static/chunks/node_modules_next_dist_b3fb3b5f._.js:1920
[     350ms] [ERROR] ./components/dashboard/AdminDashboard.tsx:173:18
Parsing ecmascript source code failed
  171 |                         <div key="stat-4" data-aos="fade-up" data-aos-delay="320"><DashboardStatCard label="Active Today" value={loginData?.activeTodayCount?.toString() || "0"} sub="logged in today" icon={<span>🔐</span>} /></div>
  172 |                         <div key="stat-5" data-aos="fade-up" data-aos-delay="400"><DashboardStatCard label="Attrition Rate" value={(data?.stats?.attritionRate || 0).toFixed(1) + "%"} sub="overall attrition" badge={data?.stats?.attritionRate > 5 ? "Alert" : undefined} badgeType={data?.stats?.attritionRate > 5 ? "down" : undefined} icon={<span>📉</span>} /></div>
> 173 |                 )}
      |                  ^
  174 |             </div>
  175 |
  176 |             {/* Recent Logins */}

Unexpected token. Did you mean `{'}'}` or `&rbrace;`?

Import traces:
  Client Component Browser:
    ./components/dashboard/AdminDashboard.tsx [Client Component Browser]
    ./app/page.tsx [Client Component Browser]
    ./app/page.tsx [Server Component]

  Client Component SSR:
    ./components/dashboard/AdminDashboard.tsx [Client Component SSR]
    ./app/page.tsx [Client Component SSR]
    ./app/page.tsx [Server Component] @ http://localhost:3000/_next/static/chunks/node_modules_next_dist_b3fb3b5f._.js:1920
[     440ms] [ERROR] ./components/dashboard/AdminDashboard.tsx:173:18
Parsing ecmascript source code failed
  171 |                         <div key="stat-4" data-aos="fade-up" data-aos-delay="320"><DashboardStatCard label="Active Today" value={loginData?.activeTodayCount?.toString() || "0"} sub="logged in today" icon={<span>🔐</span>} /></div>
  172 |                         <div key="stat-5" data-aos="fade-up" data-aos-delay="400"><DashboardStatCard label="Attrition Rate" value={(data?.stats?.attritionRate || 0).toFixed(1) + "%"} sub="overall attrition" badge={data?.stats?.attritionRate > 5 ? "Alert" : undefined} badgeType={data?.stats?.attritionRate > 5 ? "down" : undefined} icon={<span>📉</span>} /></div>
> 173 |                 )}
      |                  ^
  174 |             </div>
  175 |
  176 |             {/* Recent Logins */}

Unexpected token. Did you mean `{'}'}` or `&rbrace;`?

Import traces:
  Client Component Browser:
    ./components/dashboard/AdminDashboard.tsx [Client Component Browser]
    ./app/page.tsx [Client Component Browser]
    ./app/page.tsx [Server Component]

  Client Component SSR:
    ./components/dashboard/AdminDashboard.tsx [Client Component SSR]
    ./app/page.tsx [Client Component SSR]
    ./app/page.tsx [Server Component] @ http://localhost:3000/_next/static/chunks/node_modules_next_dist_b3fb3b5f._.js:1920
[  147137ms] [ERROR] ./components/dashboard/AdminDashboard.tsx:174:14
Parsing ecmascript source code failed
  172 |                         <div key="stat-5" data-aos="fade-up" data-aos-delay="400"><DashboardStatCard label="Attrition Rate" value={(data?.stats?.attritionRate || 0).toFixed(1) + "%"} sub="overall attrition" badge={data?.stats?.attritionRate > 5 ? "Alert" : undefined} badgeType={data?.stats?.attritionRate > 5 ? "down" : undefined} icon={<span>📉</span>} /></div>
  173 |                 </>)
> 174 |             </div>
      |              ^^^^^
  175 |
  176 |             {/* Recent Logins */}
  177 |             {!loading && loginData?.recentLogins?.length > 0 && (

Unterminated regexp literal

Import traces:
  Client Component Browser:
    ./components/dashboard/AdminDashboard.tsx [Client Component Browser]
    ./app/page.tsx [Client Component Browser]
    ./app/page.tsx [Server Component]

  Client Component SSR:
    ./components/dashboard/AdminDashboard.tsx [Client Component SSR]
    ./app/page.tsx [Client Component SSR]
    ./app/page.tsx [Server Component] @ http://localhost:3000/_next/static/chunks/node_modules_next_dist_b3fb3b5f._.js:1920
