[      85ms] [ERROR] Loading the stylesheet 'https://fonts.googleapis.com/css2?family=Outfit:wght@300;400;500;600;700;800&family=JetBrains+Mono:wght@400;500&family=Orbitron:wght@400;500;600;700;800&display=swap' violates the following Content Security Policy directive: "style-src 'self' 'unsafe-inline'". Note that 'style-src-elem' was not explicitly set, so 'style-src' is used as a fallback. The action has been blocked. @ http://localhost:3000/login:0
[      85ms] [ERROR] Loading the stylesheet 'https://fonts.googleapis.com/css2?family=Outfit:wght@300;400;500;600;700;800&family=JetBrains+Mono:wght@400;500&family=Orbitron:wght@400;500;600;700;800&display=swap' violates the following Content Security Policy directive: "style-src 'self' 'unsafe-inline'". Note that 'style-src-elem' was not explicitly set, so 'style-src' is used as a fallback. The action has been blocked. @ http://localhost:3000/login:0
[     291ms] [ERROR] Manifest: Line: 1, column: 1, Syntax error. @ http://localhost:3000/manifest.json:0
[     438ms] [ERROR] Manifest: Line: 1, column: 1, Syntax error. @ http://localhost:3000/manifest.json:0
[   26768ms] [ERROR] Failed to load resource: the server responded with a status of 400 (Bad Request) @ http://127.0.0.1:8000/api/v1/roles/capabilities/:0
[   28461ms] [ERROR] Manifest: Line: 1, column: 1, Syntax error. @ http://localhost:3000/manifest.json:0
[   36201ms] [WARNING] The width(-1) and height(-1) of chart should be greater than 0,
       please check the style of container, or the props width(100%) and height(100%),
       or add a minWidth(0) or minHeight(undefined) or use aspect(undefined) to control the
       height and width. @ http://localhost:3000/_next/static/chunks/node_modules_next_dist_115brz8._.js:2431
[   36202ms] [WARNING] The width(-1) and height(-1) of chart should be greater than 0,
       please check the style of container, or the props width(100%) and height(100%),
       or add a minWidth(0) or minHeight(undefined) or use aspect(undefined) to control the
       height and width. @ http://localhost:3000/_next/static/chunks/node_modules_next_dist_115brz8._.js:2431
[   36203ms] [WARNING] The width(-1) and height(-1) of chart should be greater than 0,
       please check the style of container, or the props width(100%) and height(100%),
       or add a minWidth(0) or minHeight(undefined) or use aspect(undefined) to control the
       height and width. @ http://localhost:3000/_next/static/chunks/node_modules_next_dist_115brz8._.js:2431
[   36204ms] [WARNING] The width(-1) and height(-1) of chart should be greater than 0,
       please check the style of container, or the props width(100%) and height(100%),
       or add a minWidth(0) or minHeight(undefined) or use aspect(undefined) to control the
       height and width. @ http://localhost:3000/_next/static/chunks/node_modules_next_dist_115brz8._.js:2431
[   36207ms] [WARNING] The width(-1) and height(-1) of chart should be greater than 0,
       please check the style of container, or the props width(100%) and height(100%),
       or add a minWidth(0) or minHeight(undefined) or use aspect(undefined) to control the
       height and width. @ http://localhost:3000/_next/static/chunks/node_modules_next_dist_115brz8._.js:2431
[   36208ms] [WARNING] The width(-1) and height(-1) of chart should be greater than 0,
       please check the style of container, or the props width(100%) and height(100%),
       or add a minWidth(0) or minHeight(undefined) or use aspect(undefined) to control the
       height and width. @ http://localhost:3000/_next/static/chunks/node_modules_next_dist_115brz8._.js:2431
[   36214ms] [ERROR] Each child in a list should have a unique "key" prop.%s%s See https://react.dev/link/warning-keys for more information. 

Check the render method of `AdminDashboard`.  @ http://localhost:3000/_next/static/chunks/node_modules_next_dist_115brz8._.js:3272
[   38321ms] [ERROR] Dashboard stats fetch failed: Error: Request timed out. Please check your connection and try again.
    at apiClient (http://localhost:3000/_next/static/chunks/_03pbnao._.js:1069:19)
    at async Object.getStats (http://localhost:3000/_next/static/chunks/_0ri69k-._.js:724:26)
    at async Promise.all (index 0)
    at async AdminDashboard.useCallback[fetchDashboardData] (http://localhost:3000/_next/static/chunks/_0ri69k-._.js:797:48) @ http://localhost:3000/_next/static/chunks/node_modules_next_dist_115brz8._.js:3272
[   38326ms] [ERROR] Dashboard logins fetch failed: Error: Request timed out. Please check your connection and try again.
    at apiClient (http://localhost:3000/_next/static/chunks/_03pbnao._.js:1069:19)
    at async Object.getLogins (http://localhost:3000/_next/static/chunks/_0ri69k-._.js:728:26)
    at async Promise.all (index 1)
    at async AdminDashboard.useCallback[fetchDashboardData] (http://localhost:3000/_next/static/chunks/_0ri69k-._.js:797:48) @ http://localhost:3000/_next/static/chunks/node_modules_next_dist_115brz8._.js:3272
[   68332ms] [ERROR] Dashboard stats fetch failed: Error: Request timed out. Please check your connection and try again.
    at apiClient (http://localhost:3000/_next/static/chunks/_03pbnao._.js:1069:19)
    at async Object.getStats (http://localhost:3000/_next/static/chunks/_0ri69k-._.js:724:26)
    at async Promise.all (index 0)
    at async AdminDashboard.useCallback[fetchDashboardData] (http://localhost:3000/_next/static/chunks/_0ri69k-._.js:797:48) @ http://localhost:3000/_next/static/chunks/node_modules_next_dist_115brz8._.js:3272
[   74510ms] [ERROR] Failed to load resource: the server responded with a status of 401 (Unauthorized) @ http://localhost:3000/api/employees/salaries:0
[   74550ms] [ERROR] Failed to load resource: the server responded with a status of 401 (Unauthorized) @ http://localhost:3000/api/employees/salaries:0
[   74615ms] [ERROR] Manifest: Line: 1, column: 1, Syntax error. @ http://localhost:3000/manifest.json:0
[   79589ms] [ERROR] Failed to load resource: the server responded with a status of 401 (Unauthorized) @ http://localhost:3000/api/employees/managers:0
[   79647ms] [ERROR] Failed to load resource: the server responded with a status of 401 (Unauthorized) @ http://localhost:3000/api/departments:0
[   84711ms] [ERROR] Failed to load resource: the server responded with a status of 401 (Unauthorized) @ http://localhost:3000/api/employees/managers:0
[   84754ms] [ERROR] Failed to load resource: the server responded with a status of 401 (Unauthorized) @ http://localhost:3000/api/departments:0
[   92053ms] [ERROR] Manifest: Line: 1, column: 1, Syntax error. @ http://localhost:3000/manifest.json:0
[   97373ms] [ERROR] Failed to load resource: the server responded with a status of 401 (Unauthorized) @ http://localhost:3000/api/departments:0
[   98487ms] [WARNING] [React Flow]: It looks like you've created a new nodeTypes or edgeTypes object. If this wasn't on purpose please define the nodeTypes/edgeTypes outside of the component or memoize them. Help: https://reactflow.dev/error#002 @ http://localhost:3000/_next/static/chunks/node_modules_next_dist_115brz8._.js:2431
[   98488ms] [WARNING] [React Flow]: It looks like you've created a new nodeTypes or edgeTypes object. If this wasn't on purpose please define the nodeTypes/edgeTypes outside of the component or memoize them. Help: https://reactflow.dev/error#002 @ http://localhost:3000/_next/static/chunks/node_modules_next_dist_115brz8._.js:2431
[  102448ms] [ERROR] Failed to load resource: the server responded with a status of 401 (Unauthorized) @ http://localhost:3000/api/departments:0
