[     355ms] [ERROR] Dashboard logins fetch failed: TypeError: Failed to fetch
    at apiClient (http://localhost:3000/_next/static/chunks/_03pbnao._.js:1118:26)
    at Object.getLogins (http://localhost:3000/_next/static/chunks/_0ri69k-._.js?id=%255Bproject%255D%252Ffeatures%252Fdashboard%252Fapi%252Fclient.ts+%255Bapp-client%255D+%2528ecmascript%2529:136:169)
    at AdminDashboard.useCallback[fetchDashboardData] (http://localhost:3000/_next/static/chunks/_0ri69k-._.js:841:175) @ http://localhost:3000/_next/static/chunks/node_modules_next_dist_115brz8._.js:3272
[     356ms] [ERROR] Dashboard stats fetch failed: TypeError: Failed to fetch
    at apiClient (http://localhost:3000/_next/static/chunks/_03pbnao._.js:1118:26)
    at Object.getStats (http://localhost:3000/_next/static/chunks/_0ri69k-._.js?id=%255Bproject%255D%252Ffeatures%252Fdashboard%252Fapi%252Fclient.ts+%255Bapp-client%255D+%2528ecmascript%2529:14:150)
    at AdminDashboard.useCallback[fetchDashboardData] (http://localhost:3000/_next/static/chunks/_0ri69k-._.js:835:175) @ http://localhost:3000/_next/static/chunks/node_modules_next_dist_115brz8._.js:3272
[     593ms] [ERROR] Manifest: Line: 1, column: 1, Syntax error. @ http://localhost:3000/manifest.json:0
[     737ms] [ERROR] Manifest: Line: 1, column: 1, Syntax error. @ http://localhost:3000/manifest.json:0
[    8703ms] [WARNING] The width(-1) and height(-1) of chart should be greater than 0,
       please check the style of container, or the props width(100%) and height(100%),
       or add a minWidth(100) or minHeight(100) or use aspect(undefined) to control the
       height and width. @ http://localhost:3000/_next/static/chunks/node_modules_next_dist_115brz8._.js:2431
[    8704ms] [WARNING] The width(-1) and height(-1) of chart should be greater than 0,
       please check the style of container, or the props width(100%) and height(100%),
       or add a minWidth(100) or minHeight(100) or use aspect(undefined) to control the
       height and width. @ http://localhost:3000/_next/static/chunks/node_modules_next_dist_115brz8._.js:2431
[    8707ms] [WARNING] The width(-1) and height(-1) of chart should be greater than 0,
       please check the style of container, or the props width(100%) and height(100%),
       or add a minWidth(100) or minHeight(100) or use aspect(undefined) to control the
       height and width. @ http://localhost:3000/_next/static/chunks/node_modules_next_dist_115brz8._.js:2431
[    8708ms] [WARNING] The width(-1) and height(-1) of chart should be greater than 0,
       please check the style of container, or the props width(100%) and height(100%),
       or add a minWidth(100) or minHeight(100) or use aspect(undefined) to control the
       height and width. @ http://localhost:3000/_next/static/chunks/node_modules_next_dist_115brz8._.js:2431
[    8709ms] [WARNING] The width(-1) and height(-1) of chart should be greater than 0,
       please check the style of container, or the props width(100%) and height(100%),
       or add a minWidth(100) or minHeight(100) or use aspect(undefined) to control the
       height and width. @ http://localhost:3000/_next/static/chunks/node_modules_next_dist_115brz8._.js:2431
[    8709ms] [WARNING] The width(-1) and height(-1) of chart should be greater than 0,
       please check the style of container, or the props width(100%) and height(100%),
       or add a minWidth(100) or minHeight(100) or use aspect(undefined) to control the
       height and width. @ http://localhost:3000/_next/static/chunks/node_modules_next_dist_115brz8._.js:2431
[   35794ms] [ERROR] Failed to load resource: the server responded with a status of 401 (Unauthorized) @ http://127.0.0.1:8000/api/v1/dashboard/logins/:0
[   35802ms] [ERROR] Failed to load resource: the server responded with a status of 401 (Unauthorized) @ http://127.0.0.1:8000/api/v1/dashboard/:0
[   35803ms] [ERROR] Failed to load resource: the server responded with a status of 401 (Unauthorized) @ http://127.0.0.1:8000/api/v1/employees/?per_page=500:0
